# JRE version: 7.0_17-b02
# Java VM: Java HotSpot(TM) 64-Bit Server VM (23.7-b01 mixed mode windows-amd64 compressed oops)
Heap
 PSYoungGen      total 378560K, used 0K [0x00000007ab160000, 0x00000007c47a0000, 0x0000000800000000)
  eden space 342912K, 0% used [0x00000007ab160000,0x00000007ab1601d0,0x00000007c0040000)
  from space 35648K, 0% used [0x00000007c0040000,0x00000007c0040000,0x00000007c2310000)
  to   space 35200K, 0% used [0x00000007c2540000,0x00000007c2540000,0x00000007c47a0000)
 ParOldGen       total 372160K, used 44024K [0x0000000701400000, 0x0000000717f70000, 0x00000007ab160000)
  object space 372160K, 11% used [0x0000000701400000,0x0000000703efe1f8,0x0000000717f70000)
 PSPermGen       total 83968K, used 83967K [0x00000006fc200000, 0x0000000701400000, 0x0000000701400000)
  object space 83968K, 99% used [0x00000006fc200000,0x00000007013fff80,0x0000000701400000)
GC Heap History (10 events):
Event: 169.009 GC heap before
{Heap before GC invocations=19 (full 4):
 PSYoungGen      total 374592K, used 0K [0x00000007ab160000, 0x00000007c4860000, 0x0000000800000000)
  eden space 339008K, 0% used [0x00000007ab160000,0x00000007ab160000,0x00000007bfc70000)
  from space 35584K, 0% used [0x00000007bfc70000,0x00000007bfc70000,0x00000007c1f30000)
  to   space 35840K, 0% used [0x00000007c2560000,0x00000007c2560000,0x00000007c4860000)
 ParOldGen       total 167040K, used 51042K [0x0000000701400000, 0x000000070b720000, 0x00000007ab160000)
  object space 167040K, 30% used [0x0000000701400000,0x00000007045d8ba0,0x000000070b720000)
 PSPermGen       total 83968K, used 83967K [0x00000006fc200000, 0x0000000701400000, 0x0000000701400000)
  object space 83968K, 99% used [0x00000006fc200000,0x00000007013ffee0,0x0000000701400000)
Event: 169.168 GC heap after
Heap after GC invocations=19 (full 4):
 PSYoungGen      total 374592K, used 0K [0x00000007ab160000, 0x00000007c4860000, 0x0000000800000000)
  eden space 339008K, 0% used [0x00000007ab160000,0x00000007ab160000,0x00000007bfc70000)
  from space 35584K, 0% used [0x00000007bfc70000,0x00000007bfc70000,0x00000007c1f30000)
  to   space 35840K, 0% used [0x00000007c2560000,0x00000007c2560000,0x00000007c4860000)
 ParOldGen       total 221248K, used 45489K [0x0000000701400000, 0x000000070ec10000, 0x00000007ab160000)
  object space 221248K, 20% used [0x0000000701400000,0x000000070406c468,0x000000070ec10000)
 PSPermGen       total 83968K, used 83884K [0x00000006fc200000, 0x0000000701400000, 0x0000000701400000)
  object space 83968K, 99% used [0x00000006fc200000,0x00000007013eb3c0,0x0000000701400000)
}
Event: 169.171 GC heap before
{Heap before GC invocations=20 (full 4):
 PSYoungGen      total 374592K, used 1492K [0x00000007ab160000, 0x00000007c4860000, 0x0000000800000000)
  eden space 339008K, 0% used [0x00000007ab160000,0x00000007ab2d52c8,0x00000007bfc70000)
  from space 35584K, 0% used [0x00000007bfc70000,0x00000007bfc70000,0x00000007c1f30000)
  to   space 35840K, 0% used [0x00000007c2560000,0x00000007c2560000,0x00000007c4860000)
 ParOldGen       total 221248K, used 45489K [0x0000000701400000, 0x000000070ec10000, 0x00000007ab160000)
  object space 221248K, 20% used [0x0000000701400000,0x000000070406c468,0x000000070ec10000)
 PSPermGen       total 83968K, used 83967K [0x00000006fc200000, 0x0000000701400000, 0x0000000701400000)
  object space 83968K, 99% used [0x00000006fc200000,0x00000007013fff80,0x0000000701400000)
Event: 169.172 GC heap after
Heap after GC invocations=20 (full 4):
 PSYoungGen      total 376192K, used 0K [0x00000007ab160000, 0x00000007c45e0000, 0x0000000800000000)
  eden space 342912K, 0% used [0x00000007ab160000,0x00000007ab160000,0x00000007c0040000)
  from space 33280K, 0% used [0x00000007c2560000,0x00000007c2560000,0x00000007c45e0000)
  to   space 35648K, 0% used [0x00000007c0040000,0x00000007c0040000,0x00000007c2310000)
 ParOldGen       total 221248K, used 45489K [0x0000000701400000, 0x000000070ec10000, 0x00000007ab160000)
  object space 221248K, 20% used [0x0000000701400000,0x000000070406c468,0x000000070ec10000)
 PSPermGen       total 83968K, used 83967K [0x00000006fc200000, 0x0000000701400000, 0x0000000701400000)
  object space 83968K, 99% used [0x00000006fc200000,0x00000007013fff80,0x0000000701400000)
}
Event: 169.172 GC heap before
{Heap before GC invocations=21 (full 5):
 PSYoungGen      total 376192K, used 0K [0x00000007ab160000, 0x00000007c45e0000, 0x0000000800000000)
  eden space 342912K, 0% used [0x00000007ab160000,0x00000007ab160000,0x00000007c0040000)
  from space 33280K, 0% used [0x00000007c2560000,0x00000007c2560000,0x00000007c45e0000)
  to   space 35648K, 0% used [0x00000007c0040000,0x00000007c0040000,0x00000007c2310000)
 ParOldGen       total 221248K, used 45489K [0x0000000701400000, 0x000000070ec10000, 0x00000007ab160000)
  object space 221248K, 20% used [0x0000000701400000,0x000000070406c468,0x000000070ec10000)
 PSPermGen       total 83968K, used 83967K [0x00000006fc200000, 0x0000000701400000, 0x0000000701400000)
  object space 83968K, 99% used [0x00000006fc200000,0x00000007013fff80,0x0000000701400000)
Event: 169.251 GC heap after
Heap after GC invocations=21 (full 5):
 PSYoungGen      total 376192K, used 0K [0x00000007ab160000, 0x00000007c45e0000, 0x0000000800000000)
  eden space 342912K, 0% used [0x00000007ab160000,0x00000007ab160000,0x00000007c0040000)
  from space 33280K, 0% used [0x00000007c2560000,0x00000007c2560000,0x00000007c45e0000)
  to   space 35648K, 0% used [0x00000007c0040000,0x00000007c0040000,0x00000007c2310000)
 ParOldGen       total 283392K, used 44031K [0x0000000701400000, 0x00000007128c0000, 0x00000007ab160000)
  object space 283392K, 15% used [0x0000000701400000,0x0000000703effed0,0x00000007128c0000)
 PSPermGen       total 83968K, used 83967K [0x00000006fc200000, 0x0000000701400000, 0x0000000701400000)
  object space 83968K, 99% used [0x00000006fc200000,0x00000007013fff80,0x0000000701400000)
}
Event: 169.251 GC heap before
{Heap before GC invocations=22 (full 5):
 PSYoungGen      total 376192K, used 0K [0x00000007ab160000, 0x00000007c45e0000, 0x0000000800000000)
  eden space 342912K, 0% used [0x00000007ab160000,0x00000007ab160000,0x00000007c0040000)
  from space 33280K, 0% used [0x00000007c2560000,0x00000007c2560000,0x00000007c45e0000)
  to   space 35648K, 0% used [0x00000007c0040000,0x00000007c0040000,0x00000007c2310000)
 ParOldGen       total 283392K, used 44031K [0x0000000701400000, 0x00000007128c0000, 0x00000007ab160000)
  object space 283392K, 15% used [0x0000000701400000,0x0000000703effed0,0x00000007128c0000)
 PSPermGen       total 83968K, used 83967K [0x00000006fc200000, 0x0000000701400000, 0x0000000701400000)
  object space 83968K, 99% used [0x00000006fc200000,0x00000007013fff80,0x0000000701400000)
Event: 169.252 GC heap after
Heap after GC invocations=22 (full 5):
 PSYoungGen      total 378560K, used 0K [0x00000007ab160000, 0x00000007c47a0000, 0x0000000800000000)
  eden space 342912K, 0% used [0x00000007ab160000,0x00000007ab160000,0x00000007c0040000)
  from space 35648K, 0% used [0x00000007c0040000,0x00000007c0040000,0x00000007c2310000)
  to   space 35200K, 0% used [0x00000007c2540000,0x00000007c2540000,0x00000007c47a0000)
 ParOldGen       total 283392K, used 44031K [0x0000000701400000, 0x00000007128c0000, 0x00000007ab160000)
  object space 283392K, 15% used [0x0000000701400000,0x0000000703effed0,0x00000007128c0000)
 PSPermGen       total 83968K, used 83967K [0x00000006fc200000, 0x0000000701400000, 0x0000000701400000)
  object space 83968K, 99% used [0x00000006fc200000,0x00000007013fff80,0x0000000701400000)
}
Event: 169.253 GC heap before
{Heap before GC invocations=23 (full 6):
 PSYoungGen      total 378560K, used 0K [0x00000007ab160000, 0x00000007c47a0000, 0x0000000800000000)
  eden space 342912K, 0% used [0x00000007ab160000,0x00000007ab160000,0x00000007c0040000)
  from space 35648K, 0% used [0x00000007c0040000,0x00000007c0040000,0x00000007c2310000)
  to   space 35200K, 0% used [0x00000007c2540000,0x00000007c2540000,0x00000007c47a0000)
 ParOldGen       total 283392K, used 44031K [0x0000000701400000, 0x00000007128c0000, 0x00000007ab160000)
  object space 283392K, 15% used [0x0000000701400000,0x0000000703effed0,0x00000007128c0000)
 PSPermGen       total 83968K, used 83967K [0x00000006fc200000, 0x0000000701400000, 0x0000000701400000)
  object space 83968K, 99% used [0x00000006fc200000,0x00000007013fff80,0x0000000701400000)
Event: 169.359 GC heap after
Heap after GC invocations=23 (full 6):
 PSYoungGen      total 378560K, used 0K [0x00000007ab160000, 0x00000007c47a0000, 0x0000000800000000)
  eden space 342912K, 0% used [0x00000007ab160000,0x00000007ab160000,0x00000007c0040000)
  from space 35648K, 0% used [0x00000007c0040000,0x00000007c0040000,0x00000007c2310000)
  to   space 35200K, 0% used [0x00000007c2540000,0x00000007c2540000,0x00000007c47a0000)
 ParOldGen       total 372160K, used 44024K [0x0000000701400000, 0x0000000717f70000, 0x00000007ab160000)
  object space 372160K, 11% used [0x0000000701400000,0x0000000703efe1f8,0x0000000717f70000)
 PSPermGen       total 83968K, used 83967K [0x00000006fc200000, 0x0000000701400000, 0x0000000701400000)
  object space 83968K, 99% used [0x00000006fc200000,0x00000007013fff80,0x0000000701400000)
}

