# JRE version: 7.0_17-b02
# Java VM: Java HotSpot(TM) 64-Bit Server VM (23.7-b01 mixed mode windows-amd64 compressed oops)
Heap
 PSYoungGen      total 402624K, used 0K [0x00000007ab160000, 0x00000007c5b60000, 0x0000000800000000)
  eden space 369280K, 0% used [0x00000007ab160000,0x00000007ab160168,0x00000007c1a00000)
  from space 33344K, 0% used [0x00000007c1a00000,0x00000007c1a00000,0x00000007c3a90000)
  to   space 32384K, 0% used [0x00000007c3bc0000,0x00000007c3bc0000,0x00000007c5b60000)
 ParOldGen       total 1646976K, used 45369K [0x0000000701400000, 0x0000000765c60000, 0x00000007ab160000)
  object space 1646976K, 2% used [0x0000000701400000,0x000000070404e418,0x0000000765c60000)
 PSPermGen       total 83968K, used 83967K [0x00000006fc200000, 0x0000000701400000, 0x0000000701400000)
  object space 83968K, 99% used [0x00000006fc200000,0x00000007013ffdc8,0x0000000701400000)
GC Heap History (10 events):
Event: 197.619 GC heap before
{Heap before GC invocations=27 (full 8):
 PSYoungGen      total 401152K, used 14917K [0x00000007ab160000, 0x00000007c5bd0000, 0x0000000800000000)
  eden space 366656K, 0% used [0x00000007ab160000,0x00000007ab160000,0x00000007c1770000)
  from space 34496K, 43% used [0x00000007c1770000,0x00000007c26015f0,0x00000007c3920000)
  to   space 34048K, 0% used [0x00000007c3a90000,0x00000007c3a90000,0x00000007c5bd0000)
 ParOldGen       total 836864K, used 33843K [0x0000000701400000, 0x0000000734540000, 0x00000007ab160000)
  object space 836864K, 4% used [0x0000000701400000,0x000000070350cd88,0x0000000734540000)
 PSPermGen       total 83968K, used 83964K [0x00000006fc200000, 0x0000000701400000, 0x0000000701400000)
  object space 83968K, 99% used [0x00000006fc200000,0x00000007013ff088,0x0000000701400000)
Event: 197.705 GC heap after
Heap after GC invocations=27 (full 8):
 PSYoungGen      total 401152K, used 0K [0x00000007ab160000, 0x00000007c5bd0000, 0x0000000800000000)
  eden space 366656K, 0% used [0x00000007ab160000,0x00000007ab160000,0x00000007c1770000)
  from space 34496K, 0% used [0x00000007c1770000,0x00000007c1770000,0x00000007c3920000)
  to   space 34048K, 0% used [0x00000007c3a90000,0x00000007c3a90000,0x00000007c5bd0000)
 ParOldGen       total 1081920K, used 46439K [0x0000000701400000, 0x0000000743490000, 0x00000007ab160000)
  object space 1081920K, 4% used [0x0000000701400000,0x0000000704159c08,0x0000000743490000)
 PSPermGen       total 83968K, used 83961K [0x00000006fc200000, 0x0000000701400000, 0x0000000701400000)
  object space 83968K, 99% used [0x00000006fc200000,0x00000007013fe4c8,0x0000000701400000)
}
Event: 197.705 GC heap before
{Heap before GC invocations=28 (full 8):
 PSYoungGen      total 401152K, used 0K [0x00000007ab160000, 0x00000007c5bd0000, 0x0000000800000000)
  eden space 366656K, 0% used [0x00000007ab160000,0x00000007ab160048,0x00000007c1770000)
  from space 34496K, 0% used [0x00000007c1770000,0x00000007c1770000,0x00000007c3920000)
  to   space 34048K, 0% used [0x00000007c3a90000,0x00000007c3a90000,0x00000007c5bd0000)
 ParOldGen       total 1081920K, used 46439K [0x0000000701400000, 0x0000000743490000, 0x00000007ab160000)
  object space 1081920K, 4% used [0x0000000701400000,0x0000000704159c08,0x0000000743490000)
 PSPermGen       total 83968K, used 83967K [0x00000006fc200000, 0x0000000701400000, 0x0000000701400000)
  object space 83968K, 99% used [0x00000006fc200000,0x00000007013ffd60,0x0000000701400000)
Event: 197.706 GC heap after
Heap after GC invocations=28 (full 8):
 PSYoungGen      total 402944K, used 32K [0x00000007ab160000, 0x00000007c5b70000, 0x0000000800000000)
  eden space 369280K, 0% used [0x00000007ab160000,0x00000007ab160000,0x00000007c1a00000)
  from space 33664K, 0% used [0x00000007c3a90000,0x00000007c3a98000,0x00000007c5b70000)
  to   space 33344K, 0% used [0x00000007c1a00000,0x00000007c1a00000,0x00000007c3a90000)
 ParOldGen       total 1081920K, used 46439K [0x0000000701400000, 0x0000000743490000, 0x00000007ab160000)
  object space 1081920K, 4% used [0x0000000701400000,0x0000000704159c08,0x0000000743490000)
 PSPermGen       total 83968K, used 83967K [0x00000006fc200000, 0x0000000701400000, 0x0000000701400000)
  object space 83968K, 99% used [0x00000006fc200000,0x00000007013ffd60,0x0000000701400000)
}
Event: 197.706 GC heap before
{Heap before GC invocations=29 (full 9):
 PSYoungGen      total 402944K, used 32K [0x00000007ab160000, 0x00000007c5b70000, 0x0000000800000000)
  eden space 369280K, 0% used [0x00000007ab160000,0x00000007ab160000,0x00000007c1a00000)
  from space 33664K, 0% used [0x00000007c3a90000,0x00000007c3a98000,0x00000007c5b70000)
  to   space 33344K, 0% used [0x00000007c1a00000,0x00000007c1a00000,0x00000007c3a90000)
 ParOldGen       total 1081920K, used 46439K [0x0000000701400000, 0x0000000743490000, 0x00000007ab160000)
  object space 1081920K, 4% used [0x0000000701400000,0x0000000704159c08,0x0000000743490000)
 PSPermGen       total 83968K, used 83967K [0x00000006fc200000, 0x0000000701400000, 0x0000000701400000)
  object space 83968K, 99% used [0x00000006fc200000,0x00000007013ffd60,0x0000000701400000)
Event: 197.916 GC heap after
Heap after GC invocations=29 (full 9):
 PSYoungGen      total 402944K, used 0K [0x00000007ab160000, 0x00000007c5b70000, 0x0000000800000000)
  eden space 369280K, 0% used [0x00000007ab160000,0x00000007ab160000,0x00000007c1a00000)
  from space 33664K, 0% used [0x00000007c3a90000,0x00000007c3a90000,0x00000007c5b70000)
  to   space 33344K, 0% used [0x00000007c1a00000,0x00000007c1a00000,0x00000007c3a90000)
 ParOldGen       total 1333504K, used 46434K [0x0000000701400000, 0x0000000752a40000, 0x00000007ab160000)
  object space 1333504K, 3% used [0x0000000701400000,0x0000000704158b08,0x0000000752a40000)
 PSPermGen       total 83968K, used 83967K [0x00000006fc200000, 0x0000000701400000, 0x0000000701400000)
  object space 83968K, 99% used [0x00000006fc200000,0x00000007013ffd20,0x0000000701400000)
}
Event: 197.916 GC heap before
{Heap before GC invocations=30 (full 9):
 PSYoungGen      total 402944K, used 0K [0x00000007ab160000, 0x00000007c5b70000, 0x0000000800000000)
  eden space 369280K, 0% used [0x00000007ab160000,0x00000007ab160000,0x00000007c1a00000)
  from space 33664K, 0% used [0x00000007c3a90000,0x00000007c3a90000,0x00000007c5b70000)
  to   space 33344K, 0% used [0x00000007c1a00000,0x00000007c1a00000,0x00000007c3a90000)
 ParOldGen       total 1333504K, used 46434K [0x0000000701400000, 0x0000000752a40000, 0x00000007ab160000)
  object space 1333504K, 3% used [0x0000000701400000,0x0000000704158b08,0x0000000752a40000)
 PSPermGen       total 83968K, used 83967K [0x00000006fc200000, 0x0000000701400000, 0x0000000701400000)
  object space 83968K, 99% used [0x00000006fc200000,0x00000007013ffd20,0x0000000701400000)
Event: 197.918 GC heap after
Heap after GC invocations=30 (full 9):
 PSYoungGen      total 402624K, used 0K [0x00000007ab160000, 0x00000007c5b60000, 0x0000000800000000)
  eden space 369280K, 0% used [0x00000007ab160000,0x00000007ab160000,0x00000007c1a00000)
  from space 33344K, 0% used [0x00000007c1a00000,0x00000007c1a00000,0x00000007c3a90000)
  to   space 32384K, 0% used [0x00000007c3bc0000,0x00000007c3bc0000,0x00000007c5b60000)
 ParOldGen       total 1333504K, used 46434K [0x0000000701400000, 0x0000000752a40000, 0x00000007ab160000)
  object space 1333504K, 3% used [0x0000000701400000,0x0000000704158b08,0x0000000752a40000)
 PSPermGen       total 83968K, used 83967K [0x00000006fc200000, 0x0000000701400000, 0x0000000701400000)
  object space 83968K, 99% used [0x00000006fc200000,0x00000007013ffd20,0x0000000701400000)
}
Event: 197.918 GC heap before
{Heap before GC invocations=31 (full 10):
 PSYoungGen      total 402624K, used 0K [0x00000007ab160000, 0x00000007c5b60000, 0x0000000800000000)
  eden space 369280K, 0% used [0x00000007ab160000,0x00000007ab160000,0x00000007c1a00000)
  from space 33344K, 0% used [0x00000007c1a00000,0x00000007c1a00000,0x00000007c3a90000)
  to   space 32384K, 0% used [0x00000007c3bc0000,0x00000007c3bc0000,0x00000007c5b60000)
 ParOldGen       total 1333504K, used 46434K [0x0000000701400000, 0x0000000752a40000, 0x00000007ab160000)
  object space 1333504K, 3% used [0x0000000701400000,0x0000000704158b08,0x0000000752a40000)
 PSPermGen       total 83968K, used 83967K [0x00000006fc200000, 0x0000000701400000, 0x0000000701400000)
  object space 83968K, 99% used [0x00000006fc200000,0x00000007013ffd20,0x0000000701400000)
Event: 198.013 GC heap after
Heap after GC invocations=31 (full 10):
 PSYoungGen      total 402624K, used 0K [0x00000007ab160000, 0x00000007c5b60000, 0x0000000800000000)
  eden space 369280K, 0% used [0x00000007ab160000,0x00000007ab160000,0x00000007c1a00000)
  from space 33344K, 0% used [0x00000007c1a00000,0x00000007c1a00000,0x00000007c3a90000)
  to   space 32384K, 0% used [0x00000007c3bc0000,0x00000007c3bc0000,0x00000007c5b60000)
 ParOldGen       total 1646976K, used 45369K [0x0000000701400000, 0x0000000765c60000, 0x00000007ab160000)
  object space 1646976K, 2% used [0x0000000701400000,0x000000070404e418,0x0000000765c60000)
 PSPermGen       total 83968K, used 83967K [0x00000006fc200000, 0x0000000701400000, 0x0000000701400000)
  object space 83968K, 99% used [0x00000006fc200000,0x00000007013ffd20,0x0000000701400000)
}

