# JRE version: 7.0_17-b02
# Java VM: Java HotSpot(TM) 64-Bit Server VM (23.7-b01 mixed mode windows-amd64 compressed oops)
Heap
 PSYoungGen      total 243712K, used 0K [0x00000007ab160000, 0x00000007bbb60000, 0x0000000800000000)
  eden space 214912K, 0% used [0x00000007ab160000,0x00000007ab1600a8,0x00000007b8340000)
  from space 28800K, 0% used [0x00000007b9f40000,0x00000007b9f40000,0x00000007bbb60000)
  to   space 28672K, 0% used [0x00000007b8340000,0x00000007b8340000,0x00000007b9f40000)
 ParOldGen       total 1252480K, used 44977K [0x0000000701400000, 0x000000074db20000, 0x00000007ab160000)
  object space 1252480K, 3% used [0x0000000701400000,0x0000000703fec418,0x000000074db20000)
 PSPermGen       total 83968K, used 83962K [0x00000006fc200000, 0x0000000701400000, 0x0000000701400000)
  object space 83968K, 99% used [0x00000006fc200000,0x00000007013fe9e0,0x0000000701400000)
GC Heap History (10 events):
Event: 355.313 GC heap before
{Heap before GC invocations=32 (full 10):
 PSYoungGen      total 235840K, used 16420K [0x00000007ab160000, 0x00000007bbd20000, 0x0000000800000000)
  eden space 212864K, 0% used [0x00000007ab160000,0x00000007ab160000,0x00000007b8140000)
  from space 22976K, 71% used [0x00000007ba6b0000,0x00000007bb6b9138,0x00000007bbd20000)
  to   space 30656K, 0% used [0x00000007b8140000,0x00000007b8140000,0x00000007b9f30000)
 ParOldGen       total 695040K, used 33752K [0x0000000701400000, 0x000000072bac0000, 0x00000007ab160000)
  object space 695040K, 4% used [0x0000000701400000,0x00000007034f6330,0x000000072bac0000)
 PSPermGen       total 83968K, used 83967K [0x00000006fc200000, 0x0000000701400000, 0x0000000701400000)
  object space 83968K, 99% used [0x00000006fc200000,0x00000007013ffed0,0x0000000701400000)
Event: 355.390 GC heap after
Heap after GC invocations=32 (full 10):
 PSYoungGen      total 235840K, used 0K [0x00000007ab160000, 0x00000007bbd20000, 0x0000000800000000)
  eden space 212864K, 0% used [0x00000007ab160000,0x00000007ab160000,0x00000007b8140000)
  from space 22976K, 0% used [0x00000007ba6b0000,0x00000007ba6b0000,0x00000007bbd20000)
  to   space 30656K, 0% used [0x00000007b8140000,0x00000007b8140000,0x00000007b9f30000)
 ParOldGen       total 868544K, used 48168K [0x0000000701400000, 0x0000000736430000, 0x00000007ab160000)
  object space 868544K, 5% used [0x0000000701400000,0x000000070430a1b0,0x0000000736430000)
 PSPermGen       total 83968K, used 83929K [0x00000006fc200000, 0x0000000701400000, 0x0000000701400000)
  object space 83968K, 99% used [0x00000006fc200000,0x00000007013f67e0,0x0000000701400000)
}
Event: 386.536 GC heap before
{Heap before GC invocations=33 (full 10):
 PSYoungGen      total 235840K, used 7377K [0x00000007ab160000, 0x00000007bbd20000, 0x0000000800000000)
  eden space 212864K, 3% used [0x00000007ab160000,0x00000007ab894610,0x00000007b8140000)
  from space 22976K, 0% used [0x00000007ba6b0000,0x00000007ba6b0000,0x00000007bbd20000)
  to   space 30656K, 0% used [0x00000007b8140000,0x00000007b8140000,0x00000007b9f30000)
 ParOldGen       total 868544K, used 48168K [0x0000000701400000, 0x0000000736430000, 0x00000007ab160000)
  object space 868544K, 5% used [0x0000000701400000,0x000000070430a1b0,0x0000000736430000)
 PSPermGen       total 83968K, used 83962K [0x00000006fc200000, 0x0000000701400000, 0x0000000701400000)
  object space 83968K, 99% used [0x00000006fc200000,0x00000007013fea80,0x0000000701400000)
Event: 386.538 GC heap after
Heap after GC invocations=33 (full 10):
 PSYoungGen      total 243520K, used 1632K [0x00000007ab160000, 0x00000007bbc20000, 0x0000000800000000)
  eden space 212864K, 0% used [0x00000007ab160000,0x00000007ab160000,0x00000007b8140000)
  from space 30656K, 5% used [0x00000007b8140000,0x00000007b82d8000,0x00000007b9f30000)
  to   space 29568K, 0% used [0x00000007b9f40000,0x00000007b9f40000,0x00000007bbc20000)
 ParOldGen       total 868544K, used 48168K [0x0000000701400000, 0x0000000736430000, 0x00000007ab160000)
  object space 868544K, 5% used [0x0000000701400000,0x000000070430a1b0,0x0000000736430000)
 PSPermGen       total 83968K, used 83962K [0x00000006fc200000, 0x0000000701400000, 0x0000000701400000)
  object space 83968K, 99% used [0x00000006fc200000,0x00000007013fea80,0x0000000701400000)
}
Event: 386.538 GC heap before
{Heap before GC invocations=34 (full 11):
 PSYoungGen      total 243520K, used 1632K [0x00000007ab160000, 0x00000007bbc20000, 0x0000000800000000)
  eden space 212864K, 0% used [0x00000007ab160000,0x00000007ab160000,0x00000007b8140000)
  from space 30656K, 5% used [0x00000007b8140000,0x00000007b82d8000,0x00000007b9f30000)
  to   space 29568K, 0% used [0x00000007b9f40000,0x00000007b9f40000,0x00000007bbc20000)
 ParOldGen       total 868544K, used 48168K [0x0000000701400000, 0x0000000736430000, 0x00000007ab160000)
  object space 868544K, 5% used [0x0000000701400000,0x000000070430a1b0,0x0000000736430000)
 PSPermGen       total 83968K, used 83962K [0x00000006fc200000, 0x0000000701400000, 0x0000000701400000)
  object space 83968K, 99% used [0x00000006fc200000,0x00000007013fea80,0x0000000701400000)
Event: 386.614 GC heap after
Heap after GC invocations=34 (full 11):
 PSYoungGen      total 243520K, used 0K [0x00000007ab160000, 0x00000007bbc20000, 0x0000000800000000)
  eden space 212864K, 0% used [0x00000007ab160000,0x00000007ab160000,0x00000007b8140000)
  from space 30656K, 0% used [0x00000007b8140000,0x00000007b8140000,0x00000007b9f30000)
  to   space 29568K, 0% used [0x00000007b9f40000,0x00000007b9f40000,0x00000007bbc20000)
 ParOldGen       total 1040192K, used 45055K [0x0000000701400000, 0x0000000740bd0000, 0x00000007ab160000)
  object space 1040192K, 4% used [0x0000000701400000,0x0000000703fffde8,0x0000000740bd0000)
 PSPermGen       total 83968K, used 83962K [0x00000006fc200000, 0x0000000701400000, 0x0000000701400000)
  object space 83968K, 99% used [0x00000006fc200000,0x00000007013fe9e0,0x0000000701400000)
}
Event: 386.614 GC heap before
{Heap before GC invocations=35 (full 11):
 PSYoungGen      total 243520K, used 0K [0x00000007ab160000, 0x00000007bbc20000, 0x0000000800000000)
  eden space 212864K, 0% used [0x00000007ab160000,0x00000007ab160000,0x00000007b8140000)
  from space 30656K, 0% used [0x00000007b8140000,0x00000007b8140000,0x00000007b9f30000)
  to   space 29568K, 0% used [0x00000007b9f40000,0x00000007b9f40000,0x00000007bbc20000)
 ParOldGen       total 1040192K, used 45055K [0x0000000701400000, 0x0000000740bd0000, 0x00000007ab160000)
  object space 1040192K, 4% used [0x0000000701400000,0x0000000703fffde8,0x0000000740bd0000)
 PSPermGen       total 83968K, used 83962K [0x00000006fc200000, 0x0000000701400000, 0x0000000701400000)
  object space 83968K, 99% used [0x00000006fc200000,0x00000007013fe9e0,0x0000000701400000)
Event: 386.616 GC heap after
Heap after GC invocations=35 (full 11):
 PSYoungGen      total 243712K, used 0K [0x00000007ab160000, 0x00000007bbb60000, 0x0000000800000000)
  eden space 214912K, 0% used [0x00000007ab160000,0x00000007ab160000,0x00000007b8340000)
  from space 28800K, 0% used [0x00000007b9f40000,0x00000007b9f40000,0x00000007bbb60000)
  to   space 28672K, 0% used [0x00000007b8340000,0x00000007b8340000,0x00000007b9f40000)
 ParOldGen       total 1040192K, used 45055K [0x0000000701400000, 0x0000000740bd0000, 0x00000007ab160000)
  object space 1040192K, 4% used [0x0000000701400000,0x0000000703fffde8,0x0000000740bd0000)
 PSPermGen       total 83968K, used 83962K [0x00000006fc200000, 0x0000000701400000, 0x0000000701400000)
  object space 83968K, 99% used [0x00000006fc200000,0x00000007013fe9e0,0x0000000701400000)
}
Event: 386.616 GC heap before
{Heap before GC invocations=36 (full 12):
 PSYoungGen      total 243712K, used 0K [0x00000007ab160000, 0x00000007bbb60000, 0x0000000800000000)
  eden space 214912K, 0% used [0x00000007ab160000,0x00000007ab160000,0x00000007b8340000)
  from space 28800K, 0% used [0x00000007b9f40000,0x00000007b9f40000,0x00000007bbb60000)
  to   space 28672K, 0% used [0x00000007b8340000,0x00000007b8340000,0x00000007b9f40000)
 ParOldGen       total 1040192K, used 45055K [0x0000000701400000, 0x0000000740bd0000, 0x00000007ab160000)
  object space 1040192K, 4% used [0x0000000701400000,0x0000000703fffde8,0x0000000740bd0000)
 PSPermGen       total 83968K, used 83962K [0x00000006fc200000, 0x0000000701400000, 0x0000000701400000)
  object space 83968K, 99% used [0x00000006fc200000,0x00000007013fe9e0,0x0000000701400000)
Event: 386.764 GC heap after
Heap after GC invocations=36 (full 12):
 PSYoungGen      total 243712K, used 0K [0x00000007ab160000, 0x00000007bbb60000, 0x0000000800000000)
  eden space 214912K, 0% used [0x00000007ab160000,0x00000007ab160000,0x00000007b8340000)
  from space 28800K, 0% used [0x00000007b9f40000,0x00000007b9f40000,0x00000007bbb60000)
  to   space 28672K, 0% used [0x00000007b8340000,0x00000007b8340000,0x00000007b9f40000)
 ParOldGen       total 1252480K, used 44977K [0x0000000701400000, 0x000000074db20000, 0x00000007ab160000)
  object space 1252480K, 3% used [0x0000000701400000,0x0000000703fec418,0x000000074db20000)
 PSPermGen       total 83968K, used 83962K [0x00000006fc200000, 0x0000000701400000, 0x0000000701400000)
  object space 83968K, 99% used [0x00000006fc200000,0x00000007013fe9e0,0x0000000701400000)
}

