# JRE version: Java(TM) SE Runtime Environment (7.0_80-b15) (build 1.7.0_80-b15)
# Java VM: Java HotSpot(TM) Client VM (24.80-b11 mixed mode windows-x86 )
Heap
 def new generation   total 16128K, used 12709K [0x10200000, 0x11380000, 0x15750000)
  eden space 14336K,  79% used [0x10200000, 0x10d20590, 0x11000000)
  from space 1792K,  73% used [0x11000000, 0x11148ee8, 0x111c0000)
  to   space 1792K,   0% used [0x111c0000, 0x111c0000, 0x11380000)
 tenured generation   total 35604K, used 24618K [0x15750000, 0x17a15000, 0x20200000)
   the space 35604K,  69% used [0x15750000, 0x16f5ab78, 0x16f5ac00, 0x17a15000)
 compacting perm gen  total 25856K, used 25657K [0x20200000, 0x21b40000, 0x28200000)
   the space 25856K,  99% used [0x20200000, 0x21b0e570, 0x21b0e600, 0x21b40000)
GC Heap History (10 events):
Event: 2254.096 GC heap before
{Heap before GC invocations=88 (full 6):
 def new generation   total 16128K, used 15849K [0x10200000, 0x11380000, 0x15750000)
  eden space 14336K,  99% used [0x10200000, 0x10fffe80, 0x11000000)
  from space 1792K,  84% used [0x111c0000, 0x1133a5a8, 0x11380000)
  to   space 1792K,   0% used [0x11000000, 0x11000000, 0x111c0000)
 tenured generation   total 35604K, used 21362K [0x15750000, 0x17a15000, 0x20200000)
   the space 35604K,  59% used [0x15750000, 0x16c2c8b8, 0x16c2ca00, 0x17a15000)
 compacting perm gen  total 25856K, used 25630K [0x20200000, 0x21b40000, 0x28200000)
   the space 25856K,  99% used [0x20200000, 0x21b079a8, 0x21b07a00, 0x21b40000)
No shared spaces configured.
Event: 2254.103 GC heap after
Heap after GC invocations=89 (full 6):
 def new generation   total 16128K, used 888K [0x10200000, 0x11380000, 0x15750000)
  eden space 14336K,   0% used [0x10200000, 0x10200000, 0x11000000)
  from space 1792K,  49% used [0x11000000, 0x110de1e8, 0x111c0000)
  to   space 1792K,   0% used [0x111c0000, 0x111c0000, 0x11380000)
 tenured generation   total 35604K, used 22585K [0x15750000, 0x17a15000, 0x20200000)
   the space 35604K,  63% used [0x15750000, 0x16d5e658, 0x16d5e800, 0x17a15000)
 compacting perm gen  total 25856K, used 25630K [0x20200000, 0x21b40000, 0x28200000)
   the space 25856K,  99% used [0x20200000, 0x21b079a8, 0x21b07a00, 0x21b40000)
No shared spaces configured.
}
Event: 2275.884 GC heap before
{Heap before GC invocations=89 (full 6):
 def new generation   total 16128K, used 15224K [0x10200000, 0x11380000, 0x15750000)
  eden space 14336K, 100% used [0x10200000, 0x11000000, 0x11000000)
  from space 1792K,  49% used [0x11000000, 0x110de1e8, 0x111c0000)
  to   space 1792K,   0% used [0x111c0000, 0x111c0000, 0x11380000)
 tenured generation   total 35604K, used 22585K [0x15750000, 0x17a15000, 0x20200000)
   the space 35604K,  63% used [0x15750000, 0x16d5e658, 0x16d5e800, 0x17a15000)
 compacting perm gen  total 25856K, used 25632K [0x20200000, 0x21b40000, 0x28200000)
   the space 25856K,  99% used [0x20200000, 0x21b08088, 0x21b08200, 0x21b40000)
No shared spaces configured.
Event: 2275.890 GC heap after
Heap after GC invocations=90 (full 6):
 def new generation   total 16128K, used 1622K [0x10200000, 0x11380000, 0x15750000)
  eden space 14336K,   0% used [0x10200000, 0x10200000, 0x11000000)
  from space 1792K,  90% used [0x111c0000, 0x11355b00, 0x11380000)
  to   space 1792K,   0% used [0x11000000, 0x11000000, 0x111c0000)
 tenured generation   total 35604K, used 22585K [0x15750000, 0x17a15000, 0x20200000)
   the space 35604K,  63% used [0x15750000, 0x16d5e658, 0x16d5e800, 0x17a15000)
 compacting perm gen  total 25856K, used 25632K [0x20200000, 0x21b40000, 0x28200000)
   the space 25856K,  99% used [0x20200000, 0x21b08088, 0x21b08200, 0x21b40000)
No shared spaces configured.
}
Event: 2310.388 GC heap before
{Heap before GC invocations=90 (full 6):
 def new generation   total 16128K, used 15958K [0x10200000, 0x11380000, 0x15750000)
  eden space 14336K, 100% used [0x10200000, 0x11000000, 0x11000000)
  from space 1792K,  90% used [0x111c0000, 0x11355b00, 0x11380000)
  to   space 1792K,   0% used [0x11000000, 0x11000000, 0x111c0000)
 tenured generation   total 35604K, used 22585K [0x15750000, 0x17a15000, 0x20200000)
   the space 35604K,  63% used [0x15750000, 0x16d5e658, 0x16d5e800, 0x17a15000)
 compacting perm gen  total 25856K, used 25632K [0x20200000, 0x21b40000, 0x28200000)
   the space 25856K,  99% used [0x20200000, 0x21b08088, 0x21b08200, 0x21b40000)
No shared spaces configured.
Event: 2310.394 GC heap after
Heap after GC invocations=91 (full 6):
 def new generation   total 16128K, used 1384K [0x10200000, 0x11380000, 0x15750000)
  eden space 14336K,   0% used [0x10200000, 0x10200000, 0x11000000)
  from space 1792K,  77% used [0x11000000, 0x1115a228, 0x111c0000)
  to   space 1792K,   0% used [0x111c0000, 0x111c0000, 0x11380000)
 tenured generation   total 35604K, used 23158K [0x15750000, 0x17a15000, 0x20200000)
   the space 35604K,  65% used [0x15750000, 0x16ded910, 0x16deda00, 0x17a15000)
 compacting perm gen  total 25856K, used 25632K [0x20200000, 0x21b40000, 0x28200000)
   the space 25856K,  99% used [0x20200000, 0x21b08088, 0x21b08200, 0x21b40000)
No shared spaces configured.
}
Event: 2403.332 GC heap before
{Heap before GC invocations=91 (full 6):
 def new generation   total 16128K, used 15720K [0x10200000, 0x11380000, 0x15750000)
  eden space 14336K, 100% used [0x10200000, 0x11000000, 0x11000000)
  from space 1792K,  77% used [0x11000000, 0x1115a228, 0x111c0000)
  to   space 1792K,   0% used [0x111c0000, 0x111c0000, 0x11380000)
 tenured generation   total 35604K, used 23158K [0x15750000, 0x17a15000, 0x20200000)
   the space 35604K,  65% used [0x15750000, 0x16ded910, 0x16deda00, 0x17a15000)
 compacting perm gen  total 25856K, used 25632K [0x20200000, 0x21b40000, 0x28200000)
   the space 25856K,  99% used [0x20200000, 0x21b080d8, 0x21b08200, 0x21b40000)
No shared spaces configured.
Event: 2403.339 GC heap after
Heap after GC invocations=92 (full 6):
 def new generation   total 16128K, used 1792K [0x10200000, 0x11380000, 0x15750000)
  eden space 14336K,   0% used [0x10200000, 0x10200000, 0x11000000)
  from space 1792K, 100% used [0x111c0000, 0x11380000, 0x11380000)
  to   space 1792K,   0% used [0x11000000, 0x11000000, 0x111c0000)
 tenured generation   total 35604K, used 24370K [0x15750000, 0x17a15000, 0x20200000)
   the space 35604K,  68% used [0x15750000, 0x16f1cb70, 0x16f1cc00, 0x17a15000)
 compacting perm gen  total 25856K, used 25632K [0x20200000, 0x21b40000, 0x28200000)
   the space 25856K,  99% used [0x20200000, 0x21b080d8, 0x21b08200, 0x21b40000)
No shared spaces configured.
}
Event: 2509.128 GC heap before
{Heap before GC invocations=92 (full 6):
 def new generation   total 16128K, used 16128K [0x10200000, 0x11380000, 0x15750000)
  eden space 14336K, 100% used [0x10200000, 0x11000000, 0x11000000)
  from space 1792K, 100% used [0x111c0000, 0x11380000, 0x11380000)
  to   space 1792K,   0% used [0x11000000, 0x11000000, 0x111c0000)
 tenured generation   total 35604K, used 24370K [0x15750000, 0x17a15000, 0x20200000)
   the space 35604K,  68% used [0x15750000, 0x16f1cb70, 0x16f1cc00, 0x17a15000)
 compacting perm gen  total 25856K, used 25656K [0x20200000, 0x21b40000, 0x28200000)
   the space 25856K,  99% used [0x20200000, 0x21b0e3c0, 0x21b0e400, 0x21b40000)
No shared spaces configured.
Event: 2509.134 GC heap after
Heap after GC invocations=93 (full 6):
 def new generation   total 16128K, used 1315K [0x10200000, 0x11380000, 0x15750000)
  eden space 14336K,   0% used [0x10200000, 0x10200000, 0x11000000)
  from space 1792K,  73% used [0x11000000, 0x11148ee8, 0x111c0000)
  to   space 1792K,   0% used [0x111c0000, 0x111c0000, 0x11380000)
 tenured generation   total 35604K, used 24618K [0x15750000, 0x17a15000, 0x20200000)
   the space 35604K,  69% used [0x15750000, 0x16f5ab78, 0x16f5ac00, 0x17a15000)
 compacting perm gen  total 25856K, used 25656K [0x20200000, 0x21b40000, 0x28200000)
   the space 25856K,  99% used [0x20200000, 0x21b0e3c0, 0x21b0e400, 0x21b40000)
No shared spaces configured.
}

